0 info it worked if it ends with ok
1 verbose cli [ 'node', '/usr/local/bin/npm', 'link' ]
2 info using npm@1.2.11
3 info using node@v0.8.21
4 verbose linkPkg /Users/mohamedalaa/dev/generator-admin
5 verbose read json /Users/mohamedalaa/dev/generator-admin/package.json
6 error Error: EACCES, symlink '../../../dev/generator-admin'
6 error  { [Error: EACCES, symlink '../../../dev/generator-admin']
6 error   errno: 3,
6 error   code: 'EACCES',
6 error   path: '../../../dev/generator-admin' }
7 error Please try running this command again as root/Administrator.
8 error System Darwin 13.0.0
9 error command "node" "/usr/local/bin/npm" "link"
10 error cwd /Users/mohamedalaa/dev/generator-admin
11 error node -v v0.8.21
12 error npm -v 1.2.11
13 error path ../../../dev/generator-admin
14 error code EACCES
15 error errno 3
16 error stack Error: EACCES, symlink '../../../dev/generator-admin'
17 verbose exit [ 3, true ]
